<?xml version="1.0" encoding="UTF-8"?>
<TestRun id="5ec74ab5-1380-4639-910d-8e17b557c1fa" name="Flinston@LUBOSCH 2011-09-24 13:36:31" runUser="LUBOSCH\Flinston" xmlns="http://microsoft.com/schemas/VisualStudio/TeamTest/2010">
  <TestSettings name="Default Test Settings" id="c11fd0fa-cfd4-4c1f-9e97-75f60cfd6b0f">
    <Execution>
      <TestTypeSpecific />
      <AgentRule name="Execution Agents">
      </AgentRule>
    </Execution>
    <Deployment runDeploymentRoot="Flinston_LUBOSCH 2011-09-24 13_36_31" />
  </TestSettings>
  <Times creation="2011-09-24T13:36:31.9629504+02:00" queuing="2011-09-24T13:36:34.2550815+02:00" start="2011-09-24T13:36:34.4230911+02:00" finish="2011-09-24T13:36:37.6502757+02:00" />
  <ResultSummary outcome="Completed">
    <Counters total="1" executed="1" passed="1" error="0" failed="0" timeout="0" aborted="0" inconclusive="0" passedButRunAborted="0" notRunnable="0" notExecuted="0" disconnected="0" warning="0" completed="0" inProgress="0" pending="0" />
  </ResultSummary>
  <TestDefinitions>
    <UnitTest name="TestMethod1" storage="c:\users\flinston\documents\visual studio 2010\projects\windowsapplication2\testproject1\debug\defaulttest.dll" id="59863143-3238-122e-4d8a-637b491cc755">
      <Execution id="45225d40-cf62-4985-bc06-d7e7c01527fb" />
      <TestMethod codeBase="C:/Users/Flinston/documents/visual studio 2010/Projects/WindowsApplication2/TestProject1/Debug/DefaultTest.DLL" adapterTypeName="Microsoft.VisualStudio.TestTools.TestTypes.Unit.UnitTestAdapter, Microsoft.VisualStudio.QualityTools.Tips.UnitTest.Adapter, Version=10.0.0.0, Culture=neutral, PublicKeyToken=b03f5f7f11d50a3a" className="TestProject1.UnitTest1, DefaultTest, Version=1.0.4284.22695, Culture=neutral, PublicKeyToken=null" name="TestMethod1" />
    </UnitTest>
  </TestDefinitions>
  <TestLists>
    <TestList name="Results Not in a List" id="8c84fa94-04c1-424b-9868-57a2d4851a1d" />
    <TestList name="All Loaded Results" id="19431567-8539-422a-85d7-44ee4e166bda" />
  </TestLists>
  <TestEntries>
    <TestEntry testId="59863143-3238-122e-4d8a-637b491cc755" executionId="45225d40-cf62-4985-bc06-d7e7c01527fb" testListId="8c84fa94-04c1-424b-9868-57a2d4851a1d" />
  </TestEntries>
  <Results>
    <UnitTestResult executionId="45225d40-cf62-4985-bc06-d7e7c01527fb" testId="59863143-3238-122e-4d8a-637b491cc755" testName="TestMethod1" computerName="LUBOSCH" duration="00:00:00.0114950" startTime="2011-09-24T13:36:34.5871005+02:00" endTime="2011-09-24T13:36:36.5132107+02:00" testType="13cdc9d9-ddb5-4fa4-a97d-d965ccfc6d4b" outcome="Passed" testListId="8c84fa94-04c1-424b-9868-57a2d4851a1d" relativeResultsDirectory="45225d40-cf62-4985-bc06-d7e7c01527fb">
    </UnitTestResult>
  </Results>
</TestRun>